<?xml version="1.0" encoding="UTF-8"?>
<!-- Generated by org.testng.reporters.JUnitXMLReporter -->
<testsuite hostname="DESKTOP-M392EQO" ignored="0" name="Catalina test" tests="7" failures="0" timestamp="2020-09-14T20:53:03 IST" time="90.325" errors="0">
  <testcase name="login" time="8.313" classname="com.catalina.tetcases.TC_AddStore"/>
  <testcase name="NavigateToAddStore" time="3.224" classname="com.catalina.tetcases.TC_AddStore"/>
  <testcase name="addstore" time="10.514" classname="com.catalina.tetcases.TC_AddStore"/>
  <testcase name="addstore" time="12.193" classname="com.catalina.tetcases.TC_AddStore"/>
  <testcase name="addstore" time="11.97" classname="com.catalina.tetcases.TC_AddStore"/>
  <testcase name="addstore" time="11.938" classname="com.catalina.tetcases.TC_AddStore"/>
  <testcase name="addstore" time="11.979" classname="com.catalina.tetcases.TC_AddStore"/>
</testsuite> <!-- Catalina test -->
